time="2020-08-04 11:50:09" level=info msg="[SUCC] < - SERVER INIT - > "
time="2020-08-04 11:50:09" level=info msg="[INFO][MODE] release"
time="2020-08-04 11:50:09" level=info msg="[INFO] < - MyDB INIT - >"
time="2020-08-04 11:50:09" level=info msg="[INFO]34.92.36.107"
time="2020-08-04 11:51:03" level=info msg="[SUCC] < - SERVER INIT - > "
time="2020-08-04 11:51:03" level=info msg="[INFO][MODE] release"
time="2020-08-04 11:51:03" level=info msg="[INFO] < - MyDB INIT - >"
time="2020-08-04 11:51:03" level=info msg="[INFO]34.92.36.107"
time="2020-08-04 11:51:51" level=info msg="[SUCC] < - SERVER INIT - > "
time="2020-08-04 11:51:51" level=info msg="[INFO][MODE] release"
time="2020-08-04 11:51:51" level=info msg="[INFO] < - MyDB INIT - >"
time="2020-08-04 11:51:51" level=info msg="[INFO]34.92.36.107"
time="2020-08-04 12:00:19" level=info msg="[SUCC] < - SERVER INIT - > "
time="2020-08-04 12:04:51" level=info msg="[SUCC] < - SERVER INIT - > "
time="2020-08-04 12:04:51" level=info msg="[INFO][MODE] release"
time="2020-08-04 12:04:51" level=info msg="[INFO] < - MyDB INIT - >"
time="2020-08-04 12:04:51" level=info msg="[INFO]34.92.36.107"
time="2020-08-04 12:04:51" level=info msg="[SUCC] < - SERVER START - > "
time="2020-08-04 12:04:51" level=info msg="[INFO] < - ROUTER START - > "
time="2020-08-04 12:11:31" level=info msg="[SUCC] < - SERVER INIT - > "
time="2020-08-04 12:11:31" level=info msg="[INFO][MODE] release"
time="2020-08-04 12:11:31" level=info msg="[INFO] < - MyDB INIT - >"
time="2020-08-04 12:11:31" level=info msg="[INFO]34.92.36.107"
time="2020-08-04 12:11:31" level=info msg="[SUCC] < - SERVER START - > "
time="2020-08-04 12:11:31" level=info msg="[INFO] < - ROUTER START - > "
time="2020-08-04 12:12:51" level=info msg="[SUCC] < - SERVER INIT - > "
time="2020-08-04 12:12:51" level=info msg="[INFO][MODE] release"
time="2020-08-04 12:12:51" level=info msg="[INFO] < - MyDB INIT - >"
time="2020-08-04 12:12:51" level=info msg="[INFO]34.92.36.107"
time="2020-08-04 12:12:51" level=info msg="[SUCC] < - SERVER START - > "
time="2020-08-04 12:12:51" level=info msg="[INFO] < - ROUTER START - > "
time="2020-08-04 12:14:11" level=info msg="[SUCC] < - SERVER INIT - > "
time="2020-08-04 12:14:11" level=info msg="[INFO][MODE] release"
time="2020-08-04 12:14:11" level=info msg="[INFO] < - MyDB INIT - >"
time="2020-08-04 12:14:11" level=info msg="[INFO]34.92.36.107"
time="2020-08-04 12:14:11" level=info msg="[SUCC] < - SERVER START - > "
time="2020-08-04 12:14:11" level=info msg="[INFO] < - ROUTER START - > "
time="2020-08-04 12:17:58" level=info msg="[SUCC] < - SERVER INIT - > "
time="2020-08-04 12:17:58" level=info msg="[INFO][MODE] release"
time="2020-08-04 12:17:58" level=info msg="[INFO] < - MyDB INIT - >"
time="2020-08-04 12:17:58" level=info msg="[INFO]34.92.36.107"
time="2020-08-04 12:25:01" level=info msg="[SUCC] < - SERVER INIT - > "
time="2020-08-04 12:25:01" level=info msg="[INFO][MODE] release"
time="2020-08-04 12:25:01" level=info msg="[INFO] < - MyDB INIT - >"
time="2020-08-04 12:25:01" level=info msg="[INFO]34.92.36.107"
time="2020-08-04 12:25:01" level=info msg="[SUCC] < - SERVER START - > "
time="2020-08-04 12:25:01" level=info msg="[INFO] < - ROUTER START - > "
time="2020-08-04 12:29:54" level=info msg="[SUCC] < - SERVER INIT - > "
time="2020-08-04 12:29:54" level=info msg="[INFO][MODE] release"
time="2020-08-04 12:29:54" level=info msg="[INFO] < - MyDB INIT - >"
time="2020-08-04 12:29:54" level=info msg="[INFO]34.92.36.107"
time="2020-08-04 12:29:55" level=info msg="[SUCC] < - SERVER START - > "
time="2020-08-04 12:29:55" level=info msg="[INFO] < - ROUTER START - > "
time="2020-08-04 23:40:12" level=info msg="[SUCC] < - SERVER INIT - > "
time="2020-08-04 23:40:12" level=info msg="[INFO][MODE] release"
time="2020-08-04 23:40:12" level=info msg="[INFO] < - MyDB INIT - >"
time="2020-08-04 23:40:12" level=info msg="[INFO]34.92.36.107"
time="2020-08-04 23:40:13" level=info msg="[SUCC] < - SERVER START - > "
time="2020-08-04 23:40:13" level=info msg="[INFO] < - ROUTER START - > "
time="2020-08-04 23:42:24" level=info msg="[SUCC] < - SERVER INIT - > "
time="2020-08-04 23:42:24" level=info msg="[INFO][MODE] release"
time="2020-08-04 23:42:24" level=info msg="[INFO] < - MyDB INIT - >"
time="2020-08-04 23:42:24" level=info msg="[INFO]34.92.36.107"
time="2020-08-04 23:42:25" level=info msg="[SUCC] < - SERVER START - > "
time="2020-08-04 23:42:25" level=info msg="[INFO] < - ROUTER START - > "
time="2020-08-04 23:42:54" level=info msg="[SUCC] < - SERVER INIT - > "
time="2020-08-04 23:42:54" level=info msg="[INFO][MODE] release"
time="2020-08-04 23:42:54" level=info msg="[INFO] < - MyDB INIT - >"
time="2020-08-04 23:42:54" level=info msg="[INFO]34.92.36.107"
time="2020-08-04 23:42:56" level=info msg="[SUCC] < - SERVER START - > "
time="2020-08-04 23:42:56" level=info msg="[INFO] < - ROUTER START - > "
