time="2020-08-05 00:02:25" level=info msg="[SUCC] < - SERVER INIT - > "
time="2020-08-05 00:02:25" level=info msg="[INFO][MODE] release"
time="2020-08-05 00:02:25" level=info msg="[INFO] < - MyDB INIT - >"
time="2020-08-05 00:02:25" level=info msg="[INFO]34.92.36.107"
time="2020-08-05 00:02:27" level=info msg="[SUCC] < - SERVER START - > "
time="2020-08-05 00:02:27" level=info msg="[INFO] < - ROUTER START - > "
time="2020-08-05 00:07:23" level=info msg="[SUCC] < - SERVER INIT - > "
time="2020-08-05 00:07:23" level=info msg="[INFO][MODE] release"
time="2020-08-05 00:07:23" level=info msg="[INFO] < - MyDB INIT - >"
time="2020-08-05 00:07:23" level=info msg="[INFO]34.92.36.107"
time="2020-08-05 00:07:23" level=info msg="[SUCC] < - SERVER START - > "
time="2020-08-05 00:07:23" level=info msg="[INFO] < - ROUTER START - > "
time="2020-08-05 00:41:23" level=info msg="[SUCC] < - SERVER INIT - > "
time="2020-08-05 00:41:23" level=info msg="[INFO][MODE] release"
time="2020-08-05 00:41:23" level=info msg="[INFO] < - MyDB INIT - >"
time="2020-08-05 00:41:23" level=info msg="[INFO]34.92.36.107"
time="2020-08-05 00:41:34" level=info msg="[SUCC] < - SERVER INIT - > "
time="2020-08-05 00:41:34" level=info msg="[INFO][MODE] release"
time="2020-08-05 00:41:34" level=info msg="[INFO] < - MyDB INIT - >"
time="2020-08-05 00:41:35" level=info msg="[INFO]34.92.36.107"
time="2020-08-05 00:41:35" level=info msg="[SUCC] < - SERVER START - > "
time="2020-08-05 00:41:35" level=info msg="[INFO] < - ROUTER START - > "
time="2020-08-05 00:41:38" level=info msg="[INFO]註冊 PlatformRegisterServer ->"
time="2020-08-05 00:42:32" level=info msg="[SUCC] < - SERVER INIT - > "
time="2020-08-05 00:42:32" level=info msg="[INFO][MODE] release"
time="2020-08-05 00:42:32" level=info msg="[INFO] < - MyDB INIT - >"
time="2020-08-05 00:42:33" level=info msg="[INFO]34.92.36.107"
time="2020-08-05 00:42:33" level=info msg="[SUCC] < - SERVER START - > "
time="2020-08-05 00:42:33" level=info msg="[INFO] < - ROUTER START - > "
time="2020-08-05 00:43:20" level=info msg="[SUCC] < - SERVER INIT - > "
time="2020-08-05 00:43:20" level=info msg="[INFO][MODE] release"
time="2020-08-05 00:43:20" level=info msg="[INFO] < - MyDB INIT - >"
time="2020-08-05 00:43:21" level=info msg="[INFO]34.92.36.107"
time="2020-08-05 00:43:21" level=info msg="[SUCC] < - SERVER START - > "
time="2020-08-05 00:43:21" level=info msg="[INFO] < - ROUTER START - > "
time="2020-08-05 00:43:23" level=info msg="| 404 |     131.836µs |       127.0.0.1 | POST | /mycard/AuthMycard |"
time="2020-08-05 00:43:24" level=info msg="| 404 |      39.488µs |       127.0.0.1 | POST | /mycard/AuthMycard |"
time="2020-08-05 00:43:24" level=info msg="| 404 |      33.835µs |       127.0.0.1 | POST | /mycard/AuthMycard |"
time="2020-08-05 00:43:24" level=info msg="| 404 |      37.234µs |       127.0.0.1 | POST | /mycard/AuthMycard |"
time="2020-08-05 00:43:24" level=info msg="| 404 |      35.358µs |       127.0.0.1 | POST | /mycard/AuthMycard |"
time="2020-08-05 00:43:24" level=info msg="| 404 |       34.39µs |       127.0.0.1 | POST | /mycard/AuthMycard |"
time="2020-08-05 00:43:25" level=info msg="| 404 |      33.165µs |       127.0.0.1 | POST | /mycard/AuthMycard |"
time="2020-08-05 00:43:25" level=info msg="| 404 |      33.812µs |       127.0.0.1 | POST | /mycard/AuthMycard |"
time="2020-08-05 00:43:27" level=info msg="[INFO]註冊 PlatformRegisterServer ->"
time="2020-08-05 00:43:27" level=info msg="| 500 |     1.37753ms |       127.0.0.1 | POST | /admin/platform |"
time="2020-08-05 00:43:40" level=info msg="[SUCC] < - SERVER INIT - > "
time="2020-08-05 00:43:40" level=info msg="[INFO][MODE] release"
time="2020-08-05 00:43:40" level=info msg="[INFO] < - MyDB INIT - >"
time="2020-08-05 00:43:40" level=info msg="[INFO]34.92.36.107"
time="2020-08-05 00:43:40" level=info msg="[SUCC] < - SERVER START - > "
time="2020-08-05 00:43:40" level=info msg="[INFO] < - ROUTER START - > "
time="2020-08-05 00:43:42" level=info msg="| 404 |      83.897µs |       127.0.0.1 | POST | /mycard/AuthMycard |"
time="2020-08-05 00:43:44" level=info msg="| 404 |      41.866µs |       127.0.0.1 | POST | /mycard/AuthMycard |"
time="2020-08-05 00:43:45" level=info msg="| 404 |       50.47µs |       127.0.0.1 | POST | /mycard/AuthMycard |"
time="2020-08-05 00:44:16" level=info msg="[SUCC] < - SERVER INIT - > "
time="2020-08-05 00:44:16" level=info msg="[INFO][MODE] release"
time="2020-08-05 00:44:16" level=info msg="[INFO] < - MyDB INIT - >"
time="2020-08-05 00:44:17" level=info msg="[INFO]34.92.36.107"
time="2020-08-05 00:44:17" level=info msg="[SUCC] < - SERVER START - > "
time="2020-08-05 00:44:17" level=info msg="[INFO] < - ROUTER START - > "
time="2020-08-05 00:44:37" level=info msg="[SUCC] < - SERVER INIT - > "
time="2020-08-05 00:44:37" level=info msg="[INFO][MODE] release"
time="2020-08-05 00:44:37" level=info msg="[INFO] < - MyDB INIT - >"
time="2020-08-05 00:44:38" level=info msg="[INFO]34.92.36.107"
time="2020-08-05 00:44:38" level=info msg="[SUCC] < - SERVER START - > "
time="2020-08-05 00:44:38" level=info msg="[INFO] < - ROUTER START - > "
time="2020-08-05 00:44:39" level=info msg="| 404 |     144.459µs |       127.0.0.1 | POST | /mycard/AuthMycard |"
time="2020-08-05 00:45:57" level=info msg="[SUCC] < - SERVER INIT - > "
time="2020-08-05 00:45:57" level=info msg="[INFO][MODE] release"
time="2020-08-05 00:45:57" level=info msg="[INFO] < - MyDB INIT - >"
time="2020-08-05 00:45:58" level=info msg="[INFO]34.92.36.107"
time="2020-08-05 00:45:58" level=info msg="[SUCC] < - SERVER START - > "
time="2020-08-05 00:45:58" level=info msg="[INFO] < - ROUTER START - > "
time="2020-08-05 00:45:58" level=info msg="| 404 |     132.919µs |       127.0.0.1 | POST | /mycard/AuthMycard |"
time="2020-08-05 00:47:43" level=info msg="[SUCC] < - SERVER INIT - > "
time="2020-08-05 00:47:43" level=info msg="[INFO][MODE] release"
time="2020-08-05 00:47:43" level=info msg="[INFO] < - MyDB INIT - >"
time="2020-08-05 00:47:44" level=info msg="[INFO]34.92.36.107"
time="2020-08-05 00:47:44" level=info msg="[SUCC] < - SERVER START - > "
time="2020-08-05 00:47:44" level=info msg="[INFO] < - ROUTER START - > "
time="2020-08-05 00:48:37" level=info msg="[SUCC] < - SERVER INIT - > "
time="2020-08-05 00:48:37" level=info msg="[INFO][MODE] release"
time="2020-08-05 00:48:37" level=info msg="[INFO] < - MyDB INIT - >"
time="2020-08-05 00:48:38" level=info msg="[INFO]34.92.36.107"
time="2020-08-05 00:48:38" level=info msg="[SUCC] < - SERVER START - > "
time="2020-08-05 00:48:38" level=info msg="[INFO] < - ROUTER START - > "
time="2020-08-05 00:58:44" level=info msg="[SUCC] < - SERVER INIT - > "
time="2020-08-05 00:58:44" level=info msg="[INFO][MODE] release"
time="2020-08-05 00:58:44" level=info msg="[INFO] < - MyDB INIT - >"
time="2020-08-05 00:58:45" level=info msg="[INFO]34.92.36.107"
time="2020-08-05 00:58:45" level=info msg="[SUCC] < - SERVER START - > "
time="2020-08-05 00:58:45" level=info msg="[INFO] < - ROUTER START - > "
time="2020-08-05 01:03:42" level=info msg="[SUCC] < - SERVER INIT - > "
time="2020-08-05 01:03:42" level=info msg="[INFO][MODE] release"
time="2020-08-05 01:03:42" level=info msg="[INFO] < - MyDB INIT - >"
time="2020-08-05 01:03:43" level=info msg="[INFO]34.92.36.107"
time="2020-08-05 01:03:43" level=info msg="[SUCC] < - SERVER START - > "
time="2020-08-05 01:03:43" level=info msg="[INFO] < - ROUTER START - > "
time="2020-08-05 01:04:01" level=info msg="[SUCC] < - SERVER INIT - > "
time="2020-08-05 01:04:01" level=info msg="[INFO][MODE] release"
time="2020-08-05 01:04:01" level=info msg="[INFO] < - MyDB INIT - >"
time="2020-08-05 01:04:01" level=info msg="[INFO]34.92.36.107"
time="2020-08-05 01:04:01" level=info msg="[SUCC] < - SERVER START - > "
time="2020-08-05 01:04:01" level=info msg="[INFO] < - ROUTER START - > "
time="2020-08-05 01:07:38" level=info msg="[SUCC] < - SERVER INIT - > "
time="2020-08-05 01:07:38" level=info msg="[INFO][MODE] release"
time="2020-08-05 01:07:38" level=info msg="[INFO] < - MyDB INIT - >"
time="2020-08-05 01:07:39" level=info msg="[INFO]34.92.36.107"
time="2020-08-05 01:07:39" level=info msg="[SUCC] < - SERVER START - > "
time="2020-08-05 01:07:39" level=info msg="[INFO] < - ROUTER START - > "
time="2020-08-05 01:10:10" level=info msg="[SUCC] < - SERVER INIT - > "
time="2020-08-05 01:10:10" level=info msg="[INFO][MODE] release"
time="2020-08-05 01:10:10" level=info msg="[INFO] < - MyDB INIT - >"
time="2020-08-05 01:10:11" level=info msg="[INFO]34.92.36.107"
time="2020-08-05 01:10:11" level=info msg="[SUCC] < - SERVER START - > "
time="2020-08-05 01:10:11" level=info msg="[INFO] < - ROUTER START - > "
time="2020-08-05 01:10:50" level=info msg="[SUCC] < - SERVER INIT - > "
time="2020-08-05 01:10:50" level=info msg="[INFO][MODE] release"
time="2020-08-05 01:10:50" level=info msg="[INFO] < - MyDB INIT - >"
time="2020-08-05 01:10:50" level=info msg="[INFO]34.92.36.107"
time="2020-08-05 01:10:50" level=info msg="[SUCC] < - SERVER START - > "
time="2020-08-05 01:10:50" level=info msg="[INFO] < - ROUTER START - > "
time="2020-08-05 01:12:49" level=info msg="[SUCC] < - SERVER INIT - > "
time="2020-08-05 01:12:49" level=info msg="[INFO][MODE] release"
time="2020-08-05 01:12:49" level=info msg="[INFO] < - MyDB INIT - >"
time="2020-08-05 01:12:50" level=info msg="[INFO]34.92.36.107"
time="2020-08-05 01:12:50" level=info msg="[SUCC] < - SERVER START - > "
time="2020-08-05 01:12:50" level=info msg="[INFO] < - ROUTER START - > "
time="2020-08-05 01:13:25" level=info msg="[SUCC] < - SERVER INIT - > "
time="2020-08-05 01:13:25" level=info msg="[INFO][MODE] release"
time="2020-08-05 01:13:25" level=info msg="[INFO] < - MyDB INIT - >"
time="2020-08-05 01:13:26" level=info msg="[INFO]34.92.36.107"
time="2020-08-05 01:13:26" level=info msg="[SUCC] < - SERVER START - > "
time="2020-08-05 01:13:26" level=info msg="[INFO] < - ROUTER START - > "
time="2020-08-05 13:52:40" level=info msg="[SUCC] < - SERVER INIT - > "
time="2020-08-05 13:52:40" level=info msg="[INFO][MODE] release"
time="2020-08-05 13:52:40" level=info msg="[INFO] < - MyDB INIT - >"
time="2020-08-05 13:52:41" level=info msg="[INFO]34.92.36.107"
time="2020-08-05 13:52:41" level=info msg="[SUCC] < - SERVER START - > "
time="2020-08-05 13:52:41" level=info msg="[INFO] < - ROUTER START - > "
time="2020-08-05 13:53:47" level=info msg="[SUCC] < - SERVER INIT - > "
time="2020-08-05 13:53:47" level=info msg="[INFO][MODE] release"
time="2020-08-05 13:53:47" level=info msg="[INFO] < - MyDB INIT - >"
time="2020-08-05 13:53:47" level=info msg="[INFO]34.92.36.107"
time="2020-08-05 13:53:47" level=info msg="[SUCC] < - SERVER START - > "
time="2020-08-05 13:53:47" level=info msg="[INFO] < - ROUTER START - > "
time="2020-08-05 13:56:45" level=info msg="[SUCC] < - SERVER INIT - > "
time="2020-08-05 13:56:45" level=info msg="[INFO][MODE] release"
time="2020-08-05 13:56:45" level=info msg="[INFO] < - MyDB INIT - >"
time="2020-08-05 13:56:45" level=info msg="[INFO]34.92.36.107"
time="2020-08-05 13:56:45" level=info msg="[SUCC] < - SERVER START - > "
time="2020-08-05 13:56:45" level=info msg="[INFO] < - ROUTER START - > "
time="2020-08-05 16:10:46" level=info msg="[SUCC] < - SERVER INIT - > "
time="2020-08-05 16:10:46" level=info msg="[INFO][MODE] release"
time="2020-08-05 16:10:46" level=info msg="[INFO] < - MyDB INIT - >"
time="2020-08-05 16:10:46" level=info msg="[INFO]34.92.36.107"
time="2020-08-05 16:10:46" level=info msg="[SUCC] < - SERVER START - > "
time="2020-08-05 16:10:46" level=info msg="[INFO] < - ROUTER START - > "
time="2020-08-05 16:11:28" level=info msg="[SUCC] < - SERVER INIT - > "
time="2020-08-05 16:11:28" level=info msg="[INFO][MODE] release"
time="2020-08-05 16:11:28" level=info msg="[INFO] < - MyDB INIT - >"
time="2020-08-05 16:11:29" level=info msg="[INFO]34.92.36.107"
time="2020-08-05 16:11:29" level=info msg="[SUCC] < - SERVER START - > "
time="2020-08-05 16:11:29" level=info msg="[INFO] < - ROUTER START - > "
time="2020-08-05 16:13:10" level=info msg="[SUCC] < - SERVER INIT - > "
time="2020-08-05 16:13:10" level=info msg="[INFO][MODE] release"
time="2020-08-05 16:13:10" level=info msg="[INFO] < - MyDB INIT - >"
time="2020-08-05 16:13:11" level=info msg="[INFO]34.92.36.107"
time="2020-08-05 16:13:11" level=info msg="[SUCC] < - SERVER START - > "
time="2020-08-05 16:13:11" level=info msg="[INFO] < - ROUTER START - > "
time="2020-08-05 16:13:37" level=info msg="[SUCC] < - SERVER INIT - > "
time="2020-08-05 16:13:37" level=info msg="[INFO][MODE] release"
time="2020-08-05 16:13:37" level=info msg="[INFO] < - MyDB INIT - >"
time="2020-08-05 16:13:37" level=info msg="[INFO]34.92.36.107"
time="2020-08-05 16:13:37" level=info msg="[SUCC] < - SERVER START - > "
time="2020-08-05 16:13:37" level=info msg="[INFO] < - ROUTER START - > "
time="2020-08-05 16:17:11" level=info msg="[SUCC] < - SERVER INIT - > "
time="2020-08-05 16:17:11" level=info msg="[INFO][MODE] release"
time="2020-08-05 16:17:11" level=info msg="[INFO] < - MyDB INIT - >"
time="2020-08-05 16:17:12" level=info msg="[INFO]34.92.36.107"
time="2020-08-05 16:17:12" level=info msg="[SUCC] < - SERVER START - > "
time="2020-08-05 16:17:12" level=info msg="[INFO] < - ROUTER START - > "
time="2020-08-05 16:20:34" level=info msg="[SUCC] < - SERVER INIT - > "
time="2020-08-05 16:20:34" level=info msg="[INFO][MODE] release"
time="2020-08-05 16:20:34" level=info msg="[INFO] < - MyDB INIT - >"
time="2020-08-05 16:20:35" level=info msg="[INFO]34.92.36.107"
time="2020-08-05 16:20:35" level=info msg="[SUCC] < - SERVER START - > "
time="2020-08-05 16:20:35" level=info msg="[INFO] < - ROUTER START - > "
time="2020-08-05 16:21:07" level=info msg="[SUCC] < - SERVER INIT - > "
time="2020-08-05 16:21:07" level=info msg="[INFO][MODE] release"
time="2020-08-05 16:21:07" level=info msg="[INFO] < - MyDB INIT - >"
time="2020-08-05 16:21:08" level=info msg="[INFO]34.92.36.107"
time="2020-08-05 16:21:08" level=info msg="[SUCC] < - SERVER START - > "
time="2020-08-05 16:21:08" level=info msg="[INFO] < - ROUTER START - > "
time="2020-08-05 16:22:12" level=info msg="[SUCC] < - SERVER INIT - > "
time="2020-08-05 16:22:12" level=info msg="[INFO][MODE] release"
time="2020-08-05 16:22:12" level=info msg="[INFO] < - MyDB INIT - >"
time="2020-08-05 16:22:13" level=info msg="[INFO]34.92.36.107"
time="2020-08-05 16:22:13" level=info msg="[SUCC] < - SERVER START - > "
time="2020-08-05 16:22:13" level=info msg="[INFO] < - ROUTER START - > "
time="2020-08-05 16:22:24" level=info msg="[SUCC] < - SERVER INIT - > "
time="2020-08-05 16:22:24" level=info msg="[INFO][MODE] release"
time="2020-08-05 16:22:24" level=info msg="[INFO] < - MyDB INIT - >"
time="2020-08-05 16:22:24" level=info msg="[INFO]34.92.36.107"
time="2020-08-05 16:22:24" level=info msg="[SUCC] < - SERVER START - > "
time="2020-08-05 16:22:24" level=info msg="[INFO] < - ROUTER START - > "
time="2020-08-05 16:24:38" level=info msg="[SUCC] < - SERVER INIT - > "
time="2020-08-05 16:24:38" level=info msg="[INFO][MODE] release"
time="2020-08-05 16:24:38" level=info msg="[INFO] < - MyDB INIT - >"
time="2020-08-05 16:24:39" level=info msg="[INFO]34.92.36.107"
time="2020-08-05 16:24:39" level=info msg="[SUCC] < - SERVER START - > "
time="2020-08-05 16:24:39" level=info msg="[INFO] < - ROUTER START - > "
time="2020-08-05 16:26:22" level=info msg="[SUCC] < - SERVER INIT - > "
time="2020-08-05 16:26:22" level=info msg="[INFO][MODE] release"
time="2020-08-05 16:26:22" level=info msg="[INFO] < - MyDB INIT - >"
time="2020-08-05 16:26:23" level=info msg="[INFO]34.92.36.107"
time="2020-08-05 16:26:23" level=info msg="[SUCC] < - SERVER START - > "
time="2020-08-05 16:26:23" level=info msg="[INFO] < - ROUTER START - > "
time="2020-08-05 16:26:45" level=info msg="[SUCC] < - SERVER INIT - > "
time="2020-08-05 16:26:45" level=info msg="[INFO][MODE] release"
time="2020-08-05 16:26:45" level=info msg="[INFO] < - MyDB INIT - >"
time="2020-08-05 16:26:45" level=info msg="[INFO]34.92.36.107"
time="2020-08-05 16:26:45" level=info msg="[SUCC] < - SERVER START - > "
time="2020-08-05 16:26:45" level=info msg="[INFO] < - ROUTER START - > "
time="2020-08-05 16:26:58" level=info msg="[SUCC] < - SERVER INIT - > "
time="2020-08-05 16:26:58" level=info msg="[INFO][MODE] release"
time="2020-08-05 16:26:58" level=info msg="[INFO] < - MyDB INIT - >"
time="2020-08-05 16:26:59" level=info msg="[INFO]34.92.36.107"
time="2020-08-05 16:26:59" level=info msg="[SUCC] < - SERVER START - > "
time="2020-08-05 16:26:59" level=info msg="[INFO] < - ROUTER START - > "
time="2020-08-05 16:28:43" level=info msg="[SUCC] < - SERVER INIT - > "
time="2020-08-05 16:28:43" level=info msg="[INFO][MODE] release"
time="2020-08-05 16:28:43" level=info msg="[INFO] < - MyDB INIT - >"
time="2020-08-05 16:28:44" level=info msg="[INFO]34.92.36.107"
time="2020-08-05 16:28:44" level=info msg="[SUCC] < - SERVER START - > "
time="2020-08-05 16:28:44" level=info msg="[INFO] < - ROUTER START - > "
time="2020-08-05 16:31:17" level=info msg="[SUCC] < - SERVER INIT - > "
time="2020-08-05 16:31:17" level=info msg="[INFO][MODE] release"
time="2020-08-05 16:31:17" level=info msg="[INFO] < - MyDB INIT - >"
time="2020-08-05 16:31:18" level=info msg="[INFO]34.92.36.107"
time="2020-08-05 16:31:18" level=info msg="[SUCC] < - SERVER START - > "
time="2020-08-05 16:31:18" level=info msg="[INFO] < - ROUTER START - > "
time="2020-08-05 16:34:25" level=info msg="[SUCC] < - SERVER INIT - > "
time="2020-08-05 16:34:25" level=info msg="[INFO][MODE] release"
time="2020-08-05 16:34:25" level=info msg="[INFO] < - MyDB INIT - >"
time="2020-08-05 16:35:10" level=info msg="[SUCC] < - SERVER INIT - > "
time="2020-08-05 16:35:10" level=info msg="[INFO][MODE] release"
time="2020-08-05 16:35:10" level=info msg="[INFO] < - MyDB INIT - >"
time="2020-08-05 16:39:29" level=info msg="[SUCC] < - SERVER INIT - > "
time="2020-08-05 16:39:29" level=info msg="[INFO][MODE] release"
time="2020-08-05 16:39:29" level=info msg="[INFO] < - MyDB INIT - >"
time="2020-08-05 16:44:51" level=info msg="[SUCC] < - SERVER INIT - > "
time="2020-08-05 16:44:51" level=info msg="[INFO][MODE] release"
time="2020-08-05 16:44:51" level=info msg="[INFO] < - MyDB INIT - >"
time="2020-08-05 16:44:52" level=info msg="[INFO]34.92.36.107"
time="2020-08-05 16:44:52" level=info msg="[SUCC] < - SERVER START - > "
time="2020-08-05 16:44:52" level=info msg="[INFO] < - ROUTER START - > "
time="2020-08-05 17:07:02" level=info msg="[SUCC] < - SERVER INIT - > "
time="2020-08-05 17:07:02" level=info msg="[INFO][MODE] release"
time="2020-08-05 17:07:02" level=info msg="[INFO] < - MyDB INIT - >"
time="2020-08-05 17:07:02" level=info msg="[INFO]34.92.36.107"
time="2020-08-05 17:07:02" level=info msg="[SUCC] < - SERVER START - > "
time="2020-08-05 17:07:02" level=info msg="[INFO] < - ROUTER START - > "
time="2020-08-05 17:07:18" level=info msg="[SUCC] < - SERVER INIT - > "
time="2020-08-05 17:07:18" level=info msg="[INFO][MODE] release"
time="2020-08-05 17:07:18" level=info msg="[INFO] < - MyDB INIT - >"
time="2020-08-05 17:07:19" level=info msg="[INFO]34.92.36.107"
time="2020-08-05 17:07:19" level=info msg="[SUCC] < - SERVER START - > "
time="2020-08-05 17:07:19" level=info msg="[INFO] < - ROUTER START - > "
time="2020-08-05 17:07:43" level=info msg="[SUCC] < - SERVER INIT - > "
time="2020-08-05 17:07:43" level=info msg="[INFO][MODE] release"
time="2020-08-05 17:07:43" level=info msg="[INFO] < - MyDB INIT - >"
time="2020-08-05 17:07:44" level=info msg="[INFO]34.92.36.107"
time="2020-08-05 17:07:44" level=info msg="[SUCC] < - SERVER START - > "
time="2020-08-05 17:07:44" level=info msg="[INFO] < - ROUTER START - > "
time="2020-08-05 17:08:59" level=info msg="[SUCC] < - SERVER INIT - > "
time="2020-08-05 17:08:59" level=info msg="[INFO][MODE] release"
time="2020-08-05 17:08:59" level=info msg="[INFO] < - MyDB INIT - >"
time="2020-08-05 17:14:13" level=info msg="[SUCC] < - SERVER INIT - > "
time="2020-08-05 17:14:13" level=info msg="[INFO][MODE] release"
time="2020-08-05 17:14:13" level=info msg="[INFO] < - MyDB INIT - >"
time="2020-08-05 17:14:41" level=info msg="[SUCC] < - SERVER INIT - > "
time="2020-08-05 17:14:41" level=info msg="[INFO][MODE] release"
time="2020-08-05 17:14:41" level=info msg="[INFO] < - MyDB INIT - >"
time="2020-08-05 17:14:42" level=info msg="[INFO]34.92.36.107"
time="2020-08-05 17:14:42" level=info msg="[SUCC] < - SERVER START - > "
time="2020-08-05 17:14:42" level=info msg="[INFO] < - ROUTER START - > "
time="2020-08-05 17:14:54" level=info msg="[SUCC] < - SERVER INIT - > "
time="2020-08-05 17:14:54" level=info msg="[INFO][MODE] release"
time="2020-08-05 17:14:54" level=info msg="[INFO] < - MyDB INIT - >"
time="2020-08-05 17:14:55" level=info msg="[INFO]34.92.36.107"
time="2020-08-05 17:14:55" level=info msg="[SUCC] < - SERVER START - > "
time="2020-08-05 17:14:55" level=info msg="[INFO] < - ROUTER START - > "
time="2020-08-05 17:24:17" level=info msg="[SUCC] < - SERVER INIT - > "
time="2020-08-05 17:24:17" level=info msg="[INFO][MODE] release"
time="2020-08-05 17:24:17" level=info msg="[INFO] < - MyDB INIT - >"
time="2020-08-05 17:24:17" level=info msg="[INFO]34.92.36.107"
time="2020-08-05 17:24:17" level=info msg="[SUCC] < - SERVER START - > "
time="2020-08-05 17:24:17" level=info msg="[INFO] < - ROUTER START - > "
time="2020-08-05 17:24:31" level=info msg="[SUCC] < - SERVER INIT - > "
time="2020-08-05 17:24:31" level=info msg="[INFO][MODE] release"
time="2020-08-05 17:24:31" level=info msg="[INFO] < - MyDB INIT - >"
time="2020-08-05 17:24:32" level=info msg="[INFO]34.92.36.107"
time="2020-08-05 17:24:32" level=info msg="[SUCC] < - SERVER START - > "
time="2020-08-05 17:24:32" level=info msg="[INFO] < - ROUTER START - > "
time="2020-08-05 17:26:43" level=info msg="[SUCC] < - SERVER INIT - > "
time="2020-08-05 17:26:43" level=info msg="[INFO][MODE] release"
time="2020-08-05 17:26:43" level=info msg="[INFO] < - MyDB INIT - >"
time="2020-08-05 17:31:32" level=info msg="[SUCC] < - SERVER INIT - > "
time="2020-08-05 17:31:32" level=info msg="[INFO][MODE] release"
time="2020-08-05 17:31:32" level=info msg="[INFO] < - MyDB INIT - >"
time="2020-08-05 17:31:33" level=info msg="[INFO]34.92.36.107"
time="2020-08-05 17:31:33" level=info msg="[SUCC] < - SERVER START - > "
time="2020-08-05 17:31:33" level=info msg="[INFO] < - ROUTER START - > "
time="2020-08-05 17:31:41" level=info msg="[SUCC] < - SERVER INIT - > "
time="2020-08-05 17:31:41" level=info msg="[INFO][MODE] release"
time="2020-08-05 17:31:41" level=info msg="[INFO] < - MyDB INIT - >"
time="2020-08-05 17:31:42" level=info msg="[INFO]34.92.36.107"
time="2020-08-05 17:31:42" level=info msg="[SUCC] < - SERVER START - > "
time="2020-08-05 17:31:42" level=info msg="[INFO] < - ROUTER START - > "
time="2020-08-05 17:31:56" level=info msg="[SUCC] < - SERVER INIT - > "
time="2020-08-05 17:31:56" level=info msg="[INFO][MODE] release"
time="2020-08-05 17:31:56" level=info msg="[INFO] < - MyDB INIT - >"
time="2020-08-05 17:34:12" level=info msg="[SUCC] < - SERVER INIT - > "
time="2020-08-05 17:34:12" level=info msg="[INFO][MODE] release"
time="2020-08-05 17:34:12" level=info msg="[INFO] < - MyDB INIT - >"
time="2020-08-05 17:34:57" level=info msg="[SUCC] < - SERVER INIT - > "
time="2020-08-05 17:34:57" level=info msg="[INFO][MODE] release"
time="2020-08-05 17:34:57" level=info msg="[INFO] < - MyDB INIT - >"
time="2020-08-05 17:56:19" level=info msg="[SUCC] < - SERVER INIT - > "
time="2020-08-05 17:56:19" level=info msg="[INFO][MODE] release"
time="2020-08-05 17:56:19" level=info msg="[INFO] < - MyDB INIT - >"
time="2020-08-05 17:56:20" level=info msg="[INFO]34.92.36.107"
time="2020-08-05 17:56:20" level=info msg="[SUCC] < - SERVER START - > "
time="2020-08-05 17:56:20" level=info msg="[INFO] < - ROUTER START - > "
time="2020-08-05 17:56:45" level=info msg="[SUCC] < - SERVER INIT - > "
time="2020-08-05 17:56:45" level=info msg="[INFO][MODE] release"
time="2020-08-05 17:56:45" level=info msg="[INFO] < - MyDB INIT - >"
time="2020-08-05 17:58:35" level=info msg="[SUCC] < - SERVER INIT - > "
time="2020-08-05 17:58:35" level=info msg="[INFO][MODE] release"
time="2020-08-05 17:58:35" level=info msg="[INFO] < - MyDB INIT - >"
time="2020-08-05 17:58:35" level=info msg="[INFO]34.92.36.107"
time="2020-08-05 17:58:35" level=info msg="[SUCC] < - SERVER START - > "
time="2020-08-05 17:58:35" level=info msg="[INFO] < - ROUTER START - > "
time="2020-08-05 18:00:00" level=info msg="[SUCC] < - SERVER INIT - > "
time="2020-08-05 18:00:00" level=info msg="[INFO][MODE] release"
time="2020-08-05 18:00:00" level=info msg="[INFO] < - MyDB INIT - >"
time="2020-08-05 18:00:00" level=info msg="[INFO]34.92.36.107"
time="2020-08-05 18:00:00" level=info msg="[SUCC] < - SERVER START - > "
time="2020-08-05 18:00:00" level=info msg="[INFO] < - ROUTER START - > "
time="2020-08-05 18:00:25" level=info msg="[SUCC] < - SERVER INIT - > "
time="2020-08-05 18:00:25" level=info msg="[INFO][MODE] release"
time="2020-08-05 18:00:25" level=info msg="[INFO] < - MyDB INIT - >"
time="2020-08-05 18:28:02" level=info msg="[SUCC] < - SERVER INIT - > "
time="2020-08-05 18:28:02" level=info msg="[INFO][MODE] release"
time="2020-08-05 18:28:02" level=info msg="[INFO] < - MyDB INIT - >"
time="2020-08-05 18:28:03" level=info msg="[INFO]34.92.36.107"
time="2020-08-05 18:28:03" level=info msg="[SUCC] < - SERVER START - > "
time="2020-08-05 18:28:03" level=info msg="[INFO] < - ROUTER START - > "
time="2020-08-05 18:28:23" level=info msg="[SUCC] < - SERVER INIT - > "
time="2020-08-05 18:28:23" level=info msg="[INFO][MODE] release"
time="2020-08-05 18:28:23" level=info msg="[INFO] < - MyDB INIT - >"
time="2020-08-05 18:28:23" level=info msg="[INFO]34.92.36.107"
time="2020-08-05 18:28:23" level=info msg="[SUCC] < - SERVER START - > "
time="2020-08-05 18:28:23" level=info msg="[INFO] < - ROUTER START - > "
time="2020-08-05 18:28:38" level=info msg="[SUCC] < - SERVER INIT - > "
time="2020-08-05 18:28:38" level=info msg="[INFO][MODE] release"
time="2020-08-05 18:28:38" level=info msg="[INFO] < - MyDB INIT - >"
time="2020-08-05 18:28:38" level=info msg="[INFO]34.92.36.107"
time="2020-08-05 18:28:38" level=info msg="[SUCC] < - SERVER START - > "
time="2020-08-05 18:28:38" level=info msg="[INFO] < - ROUTER START - > "
time="2020-08-05 18:28:52" level=info msg="[SUCC] < - SERVER INIT - > "
time="2020-08-05 18:28:52" level=info msg="[INFO][MODE] release"
time="2020-08-05 18:28:52" level=info msg="[INFO] < - MyDB INIT - >"
time="2020-08-05 18:28:53" level=info msg="[INFO]34.92.36.107"
time="2020-08-05 18:28:53" level=info msg="[SUCC] < - SERVER START - > "
time="2020-08-05 18:28:53" level=info msg="[INFO] < - ROUTER START - > "
time="2020-08-05 18:29:31" level=info msg="[SUCC] < - SERVER INIT - > "
time="2020-08-05 18:29:31" level=info msg="[INFO][MODE] release"
time="2020-08-05 18:29:31" level=info msg="[INFO] < - MyDB INIT - >"
time="2020-08-05 18:29:37" level=info msg="[SUCC] < - SERVER INIT - > "
time="2020-08-05 18:29:37" level=info msg="[INFO][MODE] release"
time="2020-08-05 18:29:37" level=info msg="[INFO] < - MyDB INIT - >"
time="2020-08-05 18:29:44" level=info msg="[SUCC] < - SERVER INIT - > "
time="2020-08-05 18:29:44" level=info msg="[INFO][MODE] release"
time="2020-08-05 18:29:44" level=info msg="[INFO] < - MyDB INIT - >"
time="2020-08-05 18:30:09" level=info msg="[SUCC] < - SERVER INIT - > "
time="2020-08-05 18:30:09" level=info msg="[INFO][MODE] release"
time="2020-08-05 18:30:09" level=info msg="[INFO] < - MyDB INIT - >"
time="2020-08-05 18:30:16" level=info msg="[SUCC] < - SERVER INIT - > "
time="2020-08-05 18:30:16" level=info msg="[INFO][MODE] release"
time="2020-08-05 18:30:16" level=info msg="[INFO] < - MyDB INIT - >"
time="2020-08-05 18:32:45" level=info msg="[SUCC] < - SERVER INIT - > "
time="2020-08-05 18:32:45" level=info msg="[INFO][MODE] release"
time="2020-08-05 18:32:45" level=info msg="[INFO] < - MyDB INIT - >"
time="2020-08-05 18:33:51" level=info msg="[SUCC] < - SERVER INIT - > "
time="2020-08-05 18:33:51" level=info msg="[INFO][MODE] release"
time="2020-08-05 18:33:51" level=info msg="[INFO] < - MyDB INIT - >"
time="2020-08-05 18:37:50" level=info msg="[SUCC] < - SERVER INIT - > "
time="2020-08-05 18:37:50" level=info msg="[INFO][MODE] release"
time="2020-08-05 18:37:50" level=info msg="[INFO] < - MyDB INIT - >"
time="2020-08-05 18:39:08" level=info msg="[SUCC] < - SERVER INIT - > "
time="2020-08-05 18:39:08" level=info msg="[INFO][MODE] release"
time="2020-08-05 18:39:08" level=info msg="[INFO] < - MyDB INIT - >"
time="2020-08-05 18:42:07" level=info msg="[SUCC] < - SERVER INIT - > "
time="2020-08-05 18:42:07" level=info msg="[INFO][MODE] release"
time="2020-08-05 18:42:07" level=info msg="[INFO] < - MyDB INIT - >"
time="2020-08-05 18:42:59" level=info msg="[SUCC] < - SERVER INIT - > "
time="2020-08-05 18:42:59" level=info msg="[INFO][MODE] release"
time="2020-08-05 18:42:59" level=info msg="[INFO] < - MyDB INIT - >"
time="2020-08-05 18:44:07" level=info msg="[SUCC] < - SERVER INIT - > "
time="2020-08-05 18:44:07" level=info msg="[INFO][MODE] release"
time="2020-08-05 18:44:07" level=info msg="[INFO] < - MyDB INIT - >"
time="2020-08-05 18:44:27" level=info msg="[SUCC] < - SERVER INIT - > "
time="2020-08-05 18:44:27" level=info msg="[INFO][MODE] release"
time="2020-08-05 18:44:27" level=info msg="[INFO] < - MyDB INIT - >"
time="2020-08-05 18:46:20" level=info msg="[SUCC] < - SERVER INIT - > "
time="2020-08-05 18:46:20" level=info msg="[INFO][MODE] release"
time="2020-08-05 18:46:20" level=info msg="[INFO] < - MyDB INIT - >"
time="2020-08-05 18:46:42" level=info msg="[SUCC] < - SERVER INIT - > "
time="2020-08-05 18:46:42" level=info msg="[INFO][MODE] release"
time="2020-08-05 18:46:42" level=info msg="[INFO] < - MyDB INIT - >"
time="2020-08-05 18:47:33" level=info msg="[SUCC] < - SERVER INIT - > "
time="2020-08-05 18:47:33" level=info msg="[INFO][MODE] release"
time="2020-08-05 18:47:33" level=info msg="[INFO] < - MyDB INIT - >"
time="2020-08-05 18:47:49" level=info msg="[SUCC] < - SERVER INIT - > "
time="2020-08-05 18:47:49" level=info msg="[INFO][MODE] release"
time="2020-08-05 18:47:49" level=info msg="[INFO] < - MyDB INIT - >"
time="2020-08-05 19:00:58" level=info msg="[SUCC] < - SERVER INIT - > "
time="2020-08-05 19:00:58" level=info msg="[INFO][MODE] release"
time="2020-08-05 19:00:58" level=info msg="[INFO] < - MyDB INIT - >"
time="2020-08-05 19:01:17" level=info msg="[SUCC] < - SERVER INIT - > "
time="2020-08-05 19:01:17" level=info msg="[INFO][MODE] release"
time="2020-08-05 19:01:17" level=info msg="[INFO] < - MyDB INIT - >"
time="2020-08-05 19:01:18" level=info msg="[SUCC] < - SERVER START - > "
time="2020-08-05 19:01:18" level=info msg="[INFO] < - ROUTER START - > "
time="2020-08-05 19:01:52" level=info msg="[SUCC] < - SERVER INIT - > "
time="2020-08-05 19:01:52" level=info msg="[INFO][MODE] release"
time="2020-08-05 19:01:52" level=info msg="[INFO] < - MyDB INIT - >"
time="2020-08-05 19:03:02" level=info msg="[SUCC] < - SERVER INIT - > "
time="2020-08-05 19:03:02" level=info msg="[INFO][MODE] release"
time="2020-08-05 19:03:02" level=info msg="[INFO] < - MyDB INIT - >"
time="2020-08-05 19:50:10" level=info msg="[SUCC] < - SERVER INIT - > "
time="2020-08-05 19:50:10" level=info msg="[INFO][MODE] release"
time="2020-08-05 19:50:10" level=info msg="[INFO] < - MyDB INIT - >"
time="2020-08-05 19:50:42" level=info msg="[SUCC] < - SERVER INIT - > "
time="2020-08-05 19:50:42" level=info msg="[INFO][MODE] release"
time="2020-08-05 19:50:42" level=info msg="[INFO] < - MyDB INIT - >"
time="2020-08-05 19:50:43" level=info msg="[SUCC] < - SERVER START - > "
time="2020-08-05 19:50:43" level=info msg="[INFO] < - ROUTER START - > "
time="2020-08-05 19:58:27" level=info msg="[SUCC] < - SERVER INIT - > "
time="2020-08-05 19:58:27" level=info msg="[INFO][MODE] release"
time="2020-08-05 19:58:27" level=info msg="[INFO] < - MyDB INIT - >"
time="2020-08-05 19:58:27" level=info msg="[SUCC] < - SERVER START - > "
time="2020-08-05 19:58:27" level=info msg="[INFO] < - ROUTER START - > "
time="2020-08-05 19:58:45" level=info msg="[SUCC] < - SERVER INIT - > "
time="2020-08-05 19:58:45" level=info msg="[INFO][MODE] release"
time="2020-08-05 19:58:45" level=info msg="[INFO] < - MyDB INIT - >"
time="2020-08-05 20:04:06" level=info msg="[SUCC] < - SERVER INIT - > "
time="2020-08-05 20:04:06" level=info msg="[INFO][MODE] release"
time="2020-08-05 20:04:06" level=info msg="[INFO] < - MyDB INIT - >"
time="2020-08-05 20:04:07" level=info msg="[SUCC] < - SERVER START - > "
time="2020-08-05 20:04:07" level=info msg="[INFO] < - ROUTER START - > "
time="2020-08-05 20:08:44" level=info msg="[SUCC] < - SERVER INIT - > "
time="2020-08-05 20:08:44" level=info msg="[INFO][MODE] release"
time="2020-08-05 20:08:44" level=info msg="[INFO] < - MyDB INIT - >"
time="2020-08-05 20:09:23" level=info msg="[SUCC] < - SERVER INIT - > "
time="2020-08-05 20:09:23" level=info msg="[INFO][MODE] release"
time="2020-08-05 20:09:23" level=info msg="[INFO] < - MyDB INIT - >"
time="2020-08-05 20:09:24" level=info msg="[SUCC] < - SERVER START - > "
time="2020-08-05 20:09:24" level=info msg="[INFO] < - ROUTER START - > "
time="2020-08-05 20:13:01" level=info msg="[SUCC] < - SERVER INIT - > "
time="2020-08-05 20:13:01" level=info msg="[INFO][MODE] release"
time="2020-08-05 20:13:01" level=info msg="[INFO] < - MyDB INIT - >"
time="2020-08-05 20:13:02" level=info msg="[SUCC] < - SERVER START - > "
time="2020-08-05 20:13:02" level=info msg="[INFO] < - ROUTER START - > "
time="2020-08-05 20:13:44" level=info msg="[SUCC] < - SERVER INIT - > "
time="2020-08-05 20:13:44" level=info msg="[INFO][MODE] release"
time="2020-08-05 20:13:44" level=info msg="[INFO] < - MyDB INIT - >"
time="2020-08-05 20:13:45" level=info msg="[SUCC] < - SERVER START - > "
time="2020-08-05 20:13:45" level=info msg="[INFO] < - ROUTER START - > "
time="2020-08-05 20:21:16" level=info msg="[SUCC] < - SERVER INIT - > "
time="2020-08-05 20:21:16" level=info msg="[INFO][MODE] release"
time="2020-08-05 20:21:16" level=info msg="[INFO] < - MyDB INIT - >"
time="2020-08-05 20:21:36" level=info msg="[SUCC] < - SERVER INIT - > "
time="2020-08-05 20:21:36" level=info msg="[INFO][MODE] release"
time="2020-08-05 20:21:36" level=info msg="[INFO] < - MyDB INIT - >"
time="2020-08-05 20:21:37" level=info msg="[SUCC] < - SERVER START - > "
time="2020-08-05 20:21:37" level=info msg="[INFO] < - ROUTER START - > "
time="2020-08-05 20:23:59" level=info msg="[SUCC] < - SERVER INIT - > "
time="2020-08-05 20:23:59" level=info msg="[INFO][MODE] release"
time="2020-08-05 20:23:59" level=info msg="[INFO] < - MyDB INIT - >"
time="2020-08-05 20:24:00" level=info msg="[SUCC] < - SERVER START - > "
time="2020-08-05 20:24:00" level=info msg="[INFO] < - ROUTER START - > "
time="2020-08-05 20:24:01" level=info msg="| 404 |  135.901122ms |       127.0.0.1 | POST | /mycard/AuthMycard |"
time="2020-08-05 20:37:10" level=info msg="[SUCC] < - SERVER INIT - > "
time="2020-08-05 20:37:10" level=info msg="[INFO][MODE] release"
time="2020-08-05 20:37:10" level=info msg="[INFO] < - MyDB INIT - >"
time="2020-08-05 20:37:10" level=info msg="[SUCC] < - SERVER START - > "
time="2020-08-05 20:37:10" level=info msg="[INFO] < - ROUTER START - > "
time="2020-08-05 20:37:12" level=info msg="| 404 |  142.016685ms |       127.0.0.1 | POST | /mycard/AuthMycard |"
time="2020-08-05 20:37:22" level=info msg="| 404 |  140.583483ms |       127.0.0.1 | GET | /mycard/AuthMycard |"
time="2020-08-05 20:37:32" level=info msg="| 404 |  142.194844ms |       127.0.0.1 | DELETE | /mycard/AuthMycard |"
time="2020-08-05 20:37:40" level=info msg="| 404 |  134.227695ms |       127.0.0.1 | POST | /mycard/AuthMycard |"
time="2020-08-05 20:42:02" level=info msg="[SUCC] < - SERVER INIT - > "
time="2020-08-05 20:42:02" level=info msg="[INFO][MODE] release"
time="2020-08-05 20:42:02" level=info msg="[INFO] < - MyDB INIT - >"
time="2020-08-05 20:42:03" level=info msg="[SUCC] < - SERVER START - > "
time="2020-08-05 20:42:03" level=info msg="[INFO] < - ROUTER START - > "
time="2020-08-05 20:42:06" level=info msg="| 404 |  139.511589ms |       127.0.0.1 | POST | /mycard/AuthMycard |"
time="2020-08-05 20:46:09" level=info msg="[SUCC] < - SERVER INIT - > "
time="2020-08-05 20:46:09" level=info msg="[INFO][MODE] release"
time="2020-08-05 20:46:09" level=info msg="[INFO] < - MyDB INIT - >"
time="2020-08-05 20:46:10" level=info msg="[SUCC] < - SERVER START - > "
time="2020-08-05 20:46:10" level=info msg="[INFO] < - ROUTER START - > "
time="2020-08-05 20:46:14" level=info msg="| 404 |  131.904115ms |       127.0.0.1 | POST | /mycard/AuthMycard |"
time="2020-08-05 22:19:51" level=info msg="[SUCC] < - SERVER INIT - > "
time="2020-08-05 22:19:51" level=info msg="[INFO][MODE] release"
time="2020-08-05 22:19:51" level=info msg="[INFO] < - MyDB INIT - >"
time="2020-08-05 22:19:52" level=info msg="[INFO]34.92.36.107"
time="2020-08-05 22:19:52" level=info msg="[SUCC] < - SERVER START - > "
time="2020-08-05 22:19:52" level=info msg="[INFO] < - ROUTER START - > "
time="2020-08-05 22:49:10" level=info msg="[SUCC] < - SERVER INIT - > "
time="2020-08-05 22:49:10" level=info msg="[INFO][MODE] release"
time="2020-08-05 22:49:10" level=info msg="[INFO] < - MyDB INIT - >"
time="2020-08-05 22:49:10" level=info msg="[INFO]34.92.36.107"
time="2020-08-05 22:49:10" level=info msg="[SUCC] < - SERVER START - > "
time="2020-08-05 22:49:10" level=info msg="[INFO] < - ROUTER START - > "
time="2020-08-05 22:50:19" level=info msg="[SUCC] < - SERVER INIT - > "
time="2020-08-05 22:50:19" level=info msg="[INFO][MODE] release"
time="2020-08-05 22:50:19" level=info msg="[INFO] < - MyDB INIT - >"
time="2020-08-05 22:50:20" level=info msg="[INFO]34.92.36.107"
time="2020-08-05 22:50:20" level=info msg="[SUCC] < - SERVER START - > "
time="2020-08-05 22:50:20" level=info msg="[INFO] < - ROUTER START - > "
time="2020-08-05 23:03:35" level=info msg="[SUCC] < - SERVER INIT - > "
time="2020-08-05 23:03:35" level=info msg="[INFO][MODE] release"
time="2020-08-05 23:03:35" level=info msg="[INFO] < - MyDB INIT - >"
time="2020-08-05 23:03:36" level=info msg="[INFO]34.92.36.107"
time="2020-08-05 23:03:36" level=info msg="[SUCC] < - SERVER START - > "
time="2020-08-05 23:03:36" level=info msg="[INFO] < - ROUTER START - > "
time="2020-08-05 23:03:40" level=info msg="[INFO]註冊 PlatformRegisterServer ->"
time="2020-08-05 23:03:41" level=info msg="| 200 |  221.077966ms |       127.0.0.1 | POST | /admin/platform |"
time="2020-08-05 23:13:09" level=info msg="[INFO]註冊 PlatformRegisterServer ->"
time="2020-08-05 23:13:10" level=info msg="| 200 |  212.936578ms |       127.0.0.1 | POST | /admin/platform |"
time="2020-08-05 23:18:24" level=info msg="[SUCC] < - SERVER INIT - > "
time="2020-08-05 23:18:24" level=info msg="[INFO][MODE] release"
time="2020-08-05 23:18:24" level=info msg="[INFO] < - MyDB INIT - >"
time="2020-08-05 23:18:25" level=info msg="[INFO]34.92.36.107"
time="2020-08-05 23:18:25" level=info msg="[SUCC] < - SERVER START - > "
time="2020-08-05 23:18:25" level=info msg="[INFO] < - ROUTER START - > "
time="2020-08-05 23:18:27" level=info msg="[INFO]註冊 PlatformRegisterServer ->"
time="2020-08-05 23:18:27" level=info msg="| 200 |  227.885546ms |       127.0.0.1 | POST | /admin/platform |"
time="2020-08-05 23:22:43" level=info msg="[SUCC] < - SERVER INIT - > "
time="2020-08-05 23:22:43" level=info msg="[INFO][MODE] release"
time="2020-08-05 23:22:43" level=info msg="[INFO] < - MyDB INIT - >"
time="2020-08-05 23:22:45" level=info msg="[INFO]34.92.36.107"
time="2020-08-05 23:22:45" level=info msg="[SUCC] < - SERVER START - > "
time="2020-08-05 23:22:45" level=info msg="[INFO] < - ROUTER START - > "
time="2020-08-05 23:23:13" level=info msg="[SUCC] < - SERVER INIT - > "
time="2020-08-05 23:23:13" level=info msg="[INFO][MODE] release"
time="2020-08-05 23:23:13" level=info msg="[INFO] < - MyDB INIT - >"
time="2020-08-05 23:23:14" level=info msg="[INFO]34.92.36.107"
time="2020-08-05 23:23:14" level=info msg="[SUCC] < - SERVER START - > "
time="2020-08-05 23:23:14" level=info msg="[INFO] < - ROUTER START - > "
time="2020-08-05 23:23:48" level=info msg="[SUCC] < - SERVER INIT - > "
time="2020-08-05 23:23:48" level=info msg="[INFO][MODE] release"
time="2020-08-05 23:23:48" level=info msg="[INFO] < - MyDB INIT - >"
time="2020-08-05 23:23:49" level=info msg="[INFO]DB:34.92.36.107"
time="2020-08-05 23:23:49" level=info msg="[SUCC] < - SERVER START - > "
time="2020-08-05 23:23:49" level=info msg="[INFO] < - ROUTER START - > "
time="2020-08-05 23:24:04" level=info msg="[SUCC] < - SERVER INIT - > "
time="2020-08-05 23:24:04" level=info msg="[INFO][MODE] release"
time="2020-08-05 23:24:04" level=info msg="[INFO] < - MyDB INIT - >"
time="2020-08-05 23:24:05" level=info msg="[INFO]DB Host :34.92.36.107"
time="2020-08-05 23:24:05" level=info msg="[SUCC] < - SERVER START - > "
time="2020-08-05 23:24:05" level=info msg="[INFO] < - ROUTER START - > "
time="2020-08-05 23:29:14" level=info msg="[SUCC] < - SERVER INIT - > "
time="2020-08-05 23:29:14" level=info msg="[INFO][MODE] release"
time="2020-08-05 23:29:14" level=info msg="[INFO] < - MyDB INIT - >"
time="2020-08-05 23:29:15" level=info msg="[INFO]DB Host :34.92.36.107"
time="2020-08-05 23:29:15" level=info msg="[SUCC] < - SERVER START - > "
time="2020-08-05 23:29:15" level=info msg="[INFO] < - ROUTER START - > "
time="2020-08-05 23:29:39" level=info msg="[SUCC] < - SERVER INIT - > "
time="2020-08-05 23:29:39" level=info msg="[INFO][MODE] release"
time="2020-08-05 23:29:39" level=info msg="[INFO] < - MyDB INIT - >"
time="2020-08-05 23:29:40" level=info msg="[INFO]DB Host :34.92.36.107"
time="2020-08-05 23:29:40" level=info msg="[SUCC] < - SERVER START - > "
time="2020-08-05 23:29:40" level=info msg="[INFO] < - ROUTER START - > "
time="2020-08-05 23:37:02" level=info msg="[SUCC] < - SERVER INIT - > "
time="2020-08-05 23:37:02" level=info msg="[INFO][MODE] release"
time="2020-08-05 23:37:02" level=info msg="[INFO] < - MyDB INIT - >"
time="2020-08-05 23:37:03" level=info msg="[INFO]DB Host :34.92.36.107"
time="2020-08-05 23:37:03" level=info msg="[SUCC] < - SERVER START - > "
time="2020-08-05 23:37:03" level=info msg="[INFO] < - ROUTER START - > "
