time="2020-08-14 11:52:38" level=info msg="[INFO] < - SERVER INIT - > "
time="2020-08-14 11:52:38" level=info msg="[SUCC][MODE] > release"
time="2020-08-14 11:52:38" level=info msg="[INFO] < - MyDB INIT - >"
time="2020-08-14 11:52:42" level=info msg="[SUCC][DB Host] > 34.92.36.107"
time="2020-08-14 11:52:42" level=error msg="[ERRO] < - TEST  - > "
time="2020-08-14 11:52:42" level=info msg="[INFO] < - SERVER START - > "
time="2020-08-14 11:52:42" level=info msg="[INFO] < - ROUTER START - > "
time="2020-08-14 11:52:52" level=info msg="[INFO]要求Mycard認証 -> token:"
time="2020-08-14 11:52:53" level=info msg="[INFO]toMycardAuthGlobal"
time="2020-08-14 11:52:53" level=info msg="| 411 |  788.485716ms |       127.0.0.1 | POST | /mycard/oder |"
time="2020-08-14 11:54:12" level=info msg="[INFO]要求Mycard認証 -> token:"
time="2020-08-14 11:54:13" level=info msg="[INFO]toMycardAuthGlobal"
time="2020-08-14 11:54:13" level=info msg="| 411 |  713.659522ms |       127.0.0.1 | POST | /mycard/oder |"
time="2020-08-14 11:54:53" level=info msg="[INFO]要求Mycard認証 -> token:"
time="2020-08-14 11:54:53" level=info msg="[INFO]toMycardAuthGlobal"
time="2020-08-14 11:54:54" level=info msg="| 411 |  655.736036ms |       127.0.0.1 | POST | /mycard/oder |"
time="2020-08-14 11:55:02" level=info msg="[INFO]要求Mycard認証 -> token:"
time="2020-08-14 11:55:03" level=info msg="[INFO]toMycardAuthGlobal"
time="2020-08-14 11:55:03" level=info msg="| 411 |  642.351206ms |       127.0.0.1 | POST | /mycard/oder |"
time="2020-08-14 11:55:24" level=info msg="[INFO] < - SERVER INIT - > "
time="2020-08-14 11:55:24" level=info msg="[SUCC][MODE] > release"
time="2020-08-14 11:55:24" level=info msg="[INFO] < - MyDB INIT - >"
time="2020-08-14 11:55:27" level=info msg="[SUCC][DB Host] > 34.92.36.107"
time="2020-08-14 11:55:27" level=error msg="[ERRO] < - TEST  - > "
time="2020-08-14 11:55:27" level=info msg="[INFO] < - SERVER START - > "
time="2020-08-14 11:55:27" level=info msg="[INFO] < - ROUTER START - > "
time="2020-08-14 11:55:28" level=info msg="[INFO]要求Mycard認証 -> token:"
time="2020-08-14 11:55:28" level=info msg="[INFO]CreateMycardOder"
time="2020-08-14 11:55:28" level=info msg="[INFO]toMycardAuthGlobal"
time="2020-08-14 11:55:28" level=info msg="| 411 |  758.337383ms |       127.0.0.1 | POST | /mycard/oder |"
time="2020-08-14 12:04:23" level=info msg="[INFO] < - SERVER INIT - > "
time="2020-08-14 12:04:23" level=info msg="[SUCC][MODE] > release"
time="2020-08-14 12:04:23" level=info msg="[INFO] < - MyDB INIT - >"
time="2020-08-14 12:04:27" level=info msg="[SUCC][DB Host] > 34.92.36.107"
time="2020-08-14 12:04:27" level=error msg="[ERRO] < - TEST  - > "
time="2020-08-14 12:04:27" level=info msg="[INFO] < - SERVER START - > "
time="2020-08-14 12:04:27" level=info msg="[INFO] < - ROUTER START - > "
time="2020-08-14 12:04:29" level=info msg="[INFO]要求Mycard認証 -> token:"
time="2020-08-14 12:04:29" level=info msg="[INFO]CreateMycardOder"
time="2020-08-14 12:04:29" level=info msg="[INFO]toMycardAuthGlobal"
time="2020-08-14 12:04:29" level=info msg="| 411 |   759.41901ms |       127.0.0.1 | POST | /mycard/oder |"
time="2020-08-14 12:05:34" level=info msg="[INFO] < - SERVER INIT - > "
time="2020-08-14 12:05:34" level=info msg="[SUCC][MODE] > release"
time="2020-08-14 12:05:34" level=info msg="[INFO] < - MyDB INIT - >"
time="2020-08-14 12:05:38" level=info msg="[SUCC][DB Host] > 34.92.36.107"
time="2020-08-14 12:05:38" level=error msg="[ERRO] < - TEST  - > "
time="2020-08-14 12:05:38" level=info msg="[INFO] < - SERVER START - > "
time="2020-08-14 12:05:38" level=info msg="[INFO] < - ROUTER START - > "
time="2020-08-14 12:05:39" level=info msg="[INFO]要求Mycard認証 -> token:"
time="2020-08-14 12:05:40" level=info msg="[INFO]CreateMycardOder"
time="2020-08-14 12:05:40" level=info msg="[INFO]toMycardAuthGlobal"
time="2020-08-14 12:05:40" level=info msg="| 411 |  749.172014ms |       127.0.0.1 | POST | /mycard/oder |"
time="2020-08-14 12:07:00" level=info msg="[INFO] < - SERVER INIT - > "
time="2020-08-14 12:07:00" level=info msg="[SUCC][MODE] > release"
time="2020-08-14 12:07:00" level=info msg="[INFO] < - MyDB INIT - >"
time="2020-08-14 12:07:04" level=info msg="[SUCC][DB Host] > 34.92.36.107"
time="2020-08-14 12:07:04" level=error msg="[ERRO] < - TEST  - > "
time="2020-08-14 12:07:04" level=info msg="[INFO] < - SERVER START - > "
time="2020-08-14 12:07:04" level=info msg="[INFO] < - ROUTER START - > "
time="2020-08-14 12:07:05" level=info msg="[INFO]要求Mycard認証 -> token:"
time="2020-08-14 12:07:05" level=info msg="[INFO]CreateMycardOder"
time="2020-08-14 12:07:05" level=info msg="[INFO]toMycardAuthGlobal"
time="2020-08-14 12:07:05" level=info msg="| 411 |  748.642744ms |       127.0.0.1 | POST | /mycard/oder |"
time="2020-08-14 12:09:01" level=info msg="[INFO] < - SERVER INIT - > "
time="2020-08-14 12:09:01" level=info msg="[SUCC][MODE] > release"
time="2020-08-14 12:09:01" level=info msg="[INFO] < - MyDB INIT - >"
time="2020-08-14 12:09:05" level=info msg="[SUCC][DB Host] > 34.92.36.107"
time="2020-08-14 12:09:05" level=error msg="[ERRO] < - TEST  - > "
time="2020-08-14 12:09:05" level=info msg="[INFO] < - SERVER START - > "
time="2020-08-14 12:09:05" level=info msg="[INFO] < - ROUTER START - > "
time="2020-08-14 12:09:06" level=info msg="[INFO]要求Mycard認証 -> token:"
time="2020-08-14 12:09:06" level=info msg="[INFO]CreateMycardOder"
time="2020-08-14 12:09:06" level=info msg="[INFO]toMycardAuthGlobal"
time="2020-08-14 12:09:06" level=info msg="| 411 |  765.153687ms |       127.0.0.1 | POST | /mycard/oder |"
time="2020-08-14 12:14:44" level=info msg="[INFO] < - SERVER INIT - > "
time="2020-08-14 12:14:44" level=info msg="[SUCC][MODE] > release"
time="2020-08-14 12:14:44" level=info msg="[INFO] < - MyDB INIT - >"
time="2020-08-14 12:14:47" level=info msg="[SUCC][DB Host] > 34.92.36.107"
time="2020-08-14 12:14:47" level=error msg="[ERRO] < - TEST  - > "
time="2020-08-14 12:14:47" level=info msg="[INFO] < - SERVER START - > "
time="2020-08-14 12:14:47" level=info msg="[INFO] < - ROUTER START - > "
time="2020-08-14 12:14:49" level=info msg="[INFO]要求Mycard認証 -> token:"
time="2020-08-14 12:14:49" level=info msg="[INFO]CreateMycardOder"
time="2020-08-14 12:14:49" level=info msg="[INFO]toMycardAuthGlobal"
time="2020-08-14 12:14:50" level=info msg="| 411 |  885.988333ms |       127.0.0.1 | POST | /mycard/oder |"
time="2020-08-14 15:54:50" level=info msg="[INFO] < - SERVER INIT - > "
time="2020-08-14 15:54:50" level=info msg="[SUCC][MODE] > release"
time="2020-08-14 15:54:50" level=info msg="[INFO] < - MyDB INIT - >"
time="2020-08-14 15:54:51" level=info msg="[SUCC][DB Host] > 34.92.36.107"
time="2020-08-14 15:54:51" level=error msg="[ERRO] < - TEST  - > "
time="2020-08-14 15:54:51" level=info msg="[INFO] < - SERVER START - > "
time="2020-08-14 15:54:51" level=info msg="[INFO] < - ROUTER START - > "
time="2020-08-14 15:56:06" level=info msg="[INFO] < - SERVER INIT - > "
time="2020-08-14 15:56:06" level=info msg="[SUCC][MODE] > release"
time="2020-08-14 15:56:06" level=info msg="[INFO] < - MyDB INIT - >"
time="2020-08-14 15:56:08" level=info msg="[SUCC][DB Host] > 34.92.36.107"
time="2020-08-14 15:56:08" level=error msg="[ERRO] < - TEST  - > "
time="2020-08-14 15:56:08" level=info msg="[INFO] < - SERVER START - > "
time="2020-08-14 15:56:08" level=info msg="[INFO] < - ROUTER START - > "
time="2020-08-14 15:57:54" level=info msg="[INFO]要求Mycard認証 -> token:"
time="2020-08-14 15:57:54" level=info msg="| 411 |  283.902323ms |       127.0.0.1 | POST | /mycard/oder |"
time="2020-08-14 15:59:23" level=info msg="[INFO]註冊 PlatformRegisterServer ->"
time="2020-08-14 15:59:23" level=info msg="| 200 |  249.218034ms |       127.0.0.1 | POST | /admin/platform |"
time="2020-08-14 16:13:38" level=info msg="[INFO] < - SERVER INIT - > "
time="2020-08-14 16:13:38" level=info msg="[SUCC][MODE] > release"
time="2020-08-14 16:13:38" level=info msg="[INFO] < - MyDB INIT - >"
time="2020-08-14 16:13:41" level=info msg="[SUCC][DB Host] > 34.92.36.107"
time="2020-08-14 16:13:41" level=error msg="[ERRO] < - TEST  - > "
time="2020-08-14 16:13:42" level=info msg="[INFO] < - SERVER START - > "
time="2020-08-14 16:13:42" level=info msg="[INFO] < - ROUTER START - > "
time="2020-08-14 17:19:46" level=info msg="[INFO] < - SERVER INIT - > "
time="2020-08-14 17:19:46" level=info msg="[SUCC][MODE] > release"
time="2020-08-14 17:19:46" level=info msg="[INFO] < - MyDB INIT - >"
time="2020-08-14 17:19:50" level=info msg="[SUCC][DB Host] > 34.92.36.107"
time="2020-08-14 17:19:50" level=info msg="[INFO] < - SERVER START - > "
time="2020-08-14 17:19:50" level=info msg="[INFO] < - ROUTER START - > "
time="2020-08-14 17:20:43" level=info msg="[INFO] < - SERVER INIT - > "
time="2020-08-14 17:20:43" level=info msg="[SUCC][MODE] > release"
time="2020-08-14 17:20:43" level=info msg="[INFO] < - MyDB INIT - >"
time="2020-08-14 17:20:46" level=info msg="[SUCC][DB Host] > 34.92.36.107"
time="2020-08-14 17:20:46" level=error msg="[ERRO]! DB Connect ERROR !"
time="2020-08-14 17:20:47" level=info msg="[INFO] < - SERVER START - > "
time="2020-08-14 17:20:47" level=info msg="[INFO] < - ROUTER START - > "
time="2020-08-14 17:25:50" level=info msg="[INFO] < - SERVER INIT - > "
time="2020-08-14 17:25:50" level=info msg="[SUCC][MODE] > release"
time="2020-08-14 17:25:50" level=info msg="[INFO] < - MyDB INIT - >"
time="2020-08-14 17:25:53" level=info msg="[SUCC][DB Host] > 34.92.36.107"
time="2020-08-14 17:25:53" level=error msg="[ERRO]! DB Connect ERROR !"
time="2020-08-14 17:25:54" level=info msg="[INFO] < - SERVER START - > "
time="2020-08-14 17:25:54" level=info msg="[INFO] < - ROUTER START - > "
time="2020-08-14 17:28:36" level=info msg="[INFO] < - SERVER INIT - > "
time="2020-08-14 17:28:36" level=info msg="[SUCC][MODE] > release"
time="2020-08-14 17:28:36" level=info msg="[INFO] < - MyDB INIT - >"
time="2020-08-14 17:28:40" level=info msg="[SUCC][DB Host] > 34.92.36.107"
time="2020-08-14 17:28:40" level=error msg="[ERRO]! DB Connect ERROR !"
time="2020-08-14 17:28:40" level=info msg="[INFO] < - SERVER START - > "
time="2020-08-14 17:28:40" level=info msg="[INFO] < - ROUTER START - > "
time="2020-08-14 17:29:28" level=info msg="[INFO] < - SERVER INIT - > "
time="2020-08-14 17:29:28" level=info msg="[SUCC][MODE] > release"
time="2020-08-14 17:29:28" level=info msg="[INFO] < - MyDB INIT - >"
time="2020-08-14 17:29:31" level=info msg="[SUCC][DB Host] > 34.92.36.107"
time="2020-08-14 17:29:31" level=error msg="[ERRO]! DB Connect ERROR !"
time="2020-08-14 17:29:32" level=info msg="[INFO] < - SERVER START - > "
time="2020-08-14 17:29:32" level=info msg="[INFO] < - ROUTER START - > "
time="2020-08-14 22:16:34" level=info msg="[INFO] < - SERVER INIT - > "
time="2020-08-14 22:16:34" level=info msg="[SUCC][MODE] > release"
time="2020-08-14 22:16:34" level=info msg="[INFO] < - MyDB INIT - >"
time="2020-08-14 22:16:38" level=info msg="[SUCC][DB Host] > 34.92.36.107"
time="2020-08-14 22:16:38" level=info msg="[INFO] < - SERVER START - > "
time="2020-08-14 22:16:38" level=info msg="[INFO] < - ROUTER START - > "
time="2020-08-14 22:16:38" level=error msg="[ERRO]listen tcp :8081: bind: address already in use"
time="2020-08-14 22:17:24" level=info msg="[INFO] < - SERVER INIT - > "
time="2020-08-14 22:17:24" level=info msg="[SUCC][MODE] > release"
time="2020-08-14 22:17:24" level=info msg="[INFO] < - MyDB INIT - >"
time="2020-08-14 22:17:28" level=info msg="[SUCC][DB Host] > 34.92.36.107"
time="2020-08-14 22:17:28" level=info msg="[INFO] < - SERVER START - > "
time="2020-08-14 22:17:28" level=info msg="[INFO] < - ROUTER START - > "
time="2020-08-14 22:17:28" level=error msg="[ERRO]listen tcp :8081: bind: address already in use"
time="2020-08-14 22:17:37" level=info msg="[INFO] < - SERVER INIT - > "
time="2020-08-14 22:17:37" level=info msg="[SUCC][MODE] > release"
time="2020-08-14 22:17:37" level=info msg="[INFO] < - MyDB INIT - >"
time="2020-08-14 22:17:40" level=info msg="[SUCC][DB Host] > 34.92.36.107"
time="2020-08-14 22:17:40" level=info msg="[INFO] < - SERVER START - > "
time="2020-08-14 22:17:40" level=info msg="[INFO] < - ROUTER START - > "
time="2020-08-14 22:19:08" level=info msg="[INFO] < - SERVER INIT - > "
time="2020-08-14 22:19:08" level=info msg="[SUCC][MODE] > release"
time="2020-08-14 22:19:08" level=info msg="[INFO] < - MyDB INIT - >"
time="2020-08-14 22:19:12" level=info msg="[SUCC][DB Host] > 34.92.36.107"
time="2020-08-14 22:19:12" level=info msg="[INFO] < - SERVER START - > "
time="2020-08-14 22:19:12" level=info msg="[INFO] < - ROUTER START - > "
time="2020-08-14 22:19:12" level=error msg="[ERRO]listen tcp: lookup tcp/ᾐ: Servname not supported for ai_socktype"
time="2020-08-14 22:20:02" level=info msg="[INFO] < - SERVER INIT - > "
time="2020-08-14 22:20:02" level=info msg="[SUCC][MODE] > release"
time="2020-08-14 22:20:02" level=info msg="[INFO] < - MyDB INIT - >"
time="2020-08-14 22:20:05" level=info msg="[SUCC][DB Host] > 34.92.36.107"
time="2020-08-14 22:20:05" level=info msg="[INFO] < - SERVER START - > "
time="2020-08-14 22:20:05" level=info msg="[INFO] < - ROUTER START - > "
time="2020-08-14 22:23:33" level=info msg="[INFO] < - SERVER INIT - > "
time="2020-08-14 22:23:33" level=info msg="[SUCC][MODE] > release"
time="2020-08-14 22:23:33" level=info msg="[INFO] < - MyDB INIT - >"
time="2020-08-14 22:23:37" level=info msg="[SUCC][DB Host] > 34.92.36.107"
time="2020-08-14 22:23:37" level=info msg="[INFO] < - SERVER START - > "
time="2020-08-14 22:23:37" level=info msg="[INFO] < - ROUTER START - > "
time="2020-08-14 22:23:44" level=info msg="[INFO] < - SERVER INIT - > "
time="2020-08-14 22:23:44" level=info msg="[SUCC][MODE] > release"
time="2020-08-14 22:23:44" level=info msg="[INFO] < - MyDB INIT - >"
time="2020-08-14 22:23:47" level=info msg="[SUCC][DB Host] > 34.92.36.107"
time="2020-08-14 22:23:47" level=info msg="[INFO] < - SERVER START - > "
time="2020-08-14 22:23:47" level=info msg="[INFO] < - ROUTER START - > "
time="2020-08-14 22:25:08" level=info msg="[INFO] < - SERVER INIT - > "
time="2020-08-14 22:25:08" level=info msg="[SUCC][MODE] > release"
time="2020-08-14 22:25:08" level=info msg="[INFO] < - MyDB INIT - >"
time="2020-08-14 22:25:11" level=info msg="[SUCC][DB Host] > 34.92.36.107"
time="2020-08-14 22:25:11" level=info msg="[INFO] < - SERVER START - > "
time="2020-08-14 22:25:11" level=info msg="[INFO] < - ROUTER START - > "
time="2020-08-14 22:25:11" level=info msg="[INFO] [ Port ] > 8080"
time="2020-08-14 22:25:33" level=info msg="[INFO] < - SERVER INIT - > "
time="2020-08-14 22:25:33" level=info msg="[SUCC][MODE] > release"
time="2020-08-14 22:25:33" level=info msg="[INFO] < - MyDB INIT - >"
time="2020-08-14 22:25:36" level=info msg="[SUCC][DB Host] > 34.92.36.107"
time="2020-08-14 22:25:36" level=info msg="[INFO] < - SERVER START - > "
time="2020-08-14 22:25:36" level=info msg="[INFO] < - ROUTER START - > "
time="2020-08-14 22:25:36" level=info msg="[INFO] [ Port ] > 8080"
time="2020-08-14 22:25:36" level=info msg="[INFO] [ Port ] > 8080"
time="2020-08-14 22:25:56" level=info msg="[INFO] < - SERVER INIT - > "
time="2020-08-14 22:25:56" level=info msg="[SUCC][MODE] > release"
time="2020-08-14 22:25:56" level=info msg="[INFO] < - MyDB INIT - >"
time="2020-08-14 22:26:00" level=info msg="[SUCC][DB Host] > 34.92.36.107"
time="2020-08-14 22:26:00" level=info msg="[INFO] < - SERVER START - > "
time="2020-08-14 22:26:00" level=info msg="[INFO] < - ROUTER START - > "
time="2020-08-14 22:26:00" level=info msg="[INFO] [ Port ] > 8080"
time="2020-08-14 22:26:00" level=info msg="[INFO] [ Port ] > 8080"
time="2020-08-14 22:26:54" level=info msg="[INFO] < - SERVER INIT - > "
time="2020-08-14 22:26:54" level=info msg="[SUCC][MODE] > release"
time="2020-08-14 22:26:54" level=info msg="[INFO] < - MyDB INIT - >"
time="2020-08-14 22:26:58" level=info msg="[SUCC][DB Host] > 34.92.36.107"
time="2020-08-14 22:26:58" level=info msg="[INFO] < - SERVER START - > "
time="2020-08-14 22:26:58" level=info msg="[INFO] < - ROUTER START - > "
time="2020-08-14 22:26:58" level=info msg="[INFO] [ Port ] > 8080"
time="2020-08-14 22:26:58" level=info msg="[INFO] [ Port ] > 8080"
time="2020-08-14 22:30:34" level=info msg="[INFO] < - SERVER INIT - > "
time="2020-08-14 22:30:34" level=info msg="[SUCC][MODE] > release"
time="2020-08-14 22:30:34" level=info msg="[INFO] < - MyDB INIT - >"
time="2020-08-14 22:30:38" level=info msg="[SUCC][DB Host] > 34.92.36.107"
time="2020-08-14 22:30:38" level=info msg="[INFO] < - SERVER START - > "
time="2020-08-14 22:30:38" level=info msg="[INFO] < - ROUTER START - > "
time="2020-08-14 22:30:38" level=info msg="[INFO] [ Port ] > 8080"
time="2020-08-14 22:32:42" level=info msg="[INFO] < - SERVER INIT - > "
time="2020-08-14 22:32:42" level=info msg="[SUCC][MODE] > release"
time="2020-08-14 22:32:42" level=info msg="[INFO] < - MyDB INIT - >"
time="2020-08-14 22:32:47" level=info msg="[SUCC][DB Host] > 34.92.36.107"
time="2020-08-14 22:32:47" level=info msg="[INFO] < - SERVER START - > "
time="2020-08-14 22:32:47" level=info msg="[INFO] < - ROUTER START - > "
time="2020-08-14 22:32:47" level=info msg="[INFO] [ Port ] > 8081"
time="2020-08-14 22:35:20" level=info msg="[INFO] < - SERVER INIT - > "
time="2020-08-14 22:35:20" level=info msg="[SUCC][MODE] > release"
time="2020-08-14 22:35:20" level=info msg="[INFO] < - MyDB INIT - >"
time="2020-08-14 22:35:24" level=info msg="[SUCC][DB Host] > 34.92.36.107"
time="2020-08-14 22:35:24" level=info msg="[INFO] < - SERVER START - > "
time="2020-08-14 22:35:24" level=info msg="[INFO] < - ROUTER START - > "
time="2020-08-14 22:35:24" level=error msg="[ERRO]listen tcp :8081: bind: address already in use"
time="2020-08-14 22:36:08" level=info msg="[INFO] < - SERVER INIT - > "
time="2020-08-14 22:36:08" level=info msg="[SUCC][MODE] > release"
time="2020-08-14 22:36:08" level=info msg="[INFO] < - MyDB INIT - >"
time="2020-08-14 22:36:11" level=info msg="[INFO] < - SERVER INIT - > "
time="2020-08-14 22:36:11" level=info msg="[SUCC][MODE] > release"
time="2020-08-14 22:36:11" level=info msg="[INFO] < - MyDB INIT - >"
time="2020-08-14 22:36:11" level=info msg="[SUCC][DB Host] > 34.92.36.107"
time="2020-08-14 22:36:11" level=info msg="[INFO] < - SERVER START - > "
time="2020-08-14 22:36:11" level=info msg="[INFO] < - ROUTER START - > "
time="2020-08-14 22:36:14" level=info msg="[SUCC][DB Host] > 34.92.36.107"
time="2020-08-14 22:36:14" level=info msg="[INFO] < - SERVER START - > "
time="2020-08-14 22:36:14" level=info msg="[INFO] < - ROUTER START - > "
time="2020-08-14 22:40:04" level=info msg="[INFO] < - SERVER INIT - > "
time="2020-08-14 22:40:04" level=info msg="[SUCC][MODE] > release"
time="2020-08-14 22:40:04" level=info msg="[INFO] < - MyDB INIT - >"
time="2020-08-14 22:40:07" level=info msg="[SUCC][DB Host] > 34.92.36.107"
time="2020-08-14 22:40:07" level=info msg="[INFO] < - SERVER START - > "
time="2020-08-14 22:40:07" level=info msg="[INFO] < - ROUTER START - > "
time="2020-08-14 22:40:48" level=info msg="[INFO] < - SERVER INIT - > "
time="2020-08-14 22:40:48" level=info msg="[SUCC][MODE] > release"
time="2020-08-14 22:40:48" level=info msg="[INFO] < - MyDB INIT - >"
time="2020-08-14 22:40:51" level=info msg="[SUCC][DB Host] > 34.92.36.107"
time="2020-08-14 22:40:51" level=info msg="[INFO] < - SERVER START - > "
time="2020-08-14 22:40:51" level=info msg="[INFO] < - ROUTER START - > "
time="2020-08-14 22:51:06" level=info msg="| 200 |  138.845153ms |       127.0.0.1 | POST | /mycard/transactioncallback |"
time="2020-08-14 22:51:10" level=info msg="| 200 |  136.483185ms |       127.0.0.1 | POST | /mycard/transactioncallback |"
time="2020-08-14 22:51:11" level=info msg="| 200 |   88.124757ms |       127.0.0.1 | POST | /mycard/transactioncallback |"
time="2020-08-14 22:52:55" level=info msg="[INFO] < - SERVER INIT - > "
time="2020-08-14 22:52:55" level=info msg="[SUCC][MODE] > release"
time="2020-08-14 22:52:55" level=info msg="[INFO] < - MyDB INIT - >"
time="2020-08-14 22:52:59" level=info msg="[SUCC][DB Host] > 34.92.36.107"
time="2020-08-14 22:52:59" level=info msg="[INFO] < - SERVER START - > "
time="2020-08-14 22:52:59" level=info msg="[INFO] < - ROUTER START - > "
time="2020-08-14 22:53:52" level=info msg="[INFO] < - SERVER INIT - > "
time="2020-08-14 22:53:52" level=info msg="[SUCC][MODE] > release"
time="2020-08-14 22:53:52" level=info msg="[INFO] < - MyDB INIT - >"
time="2020-08-14 22:53:56" level=info msg="[SUCC][DB Host] > 34.92.36.107"
time="2020-08-14 22:53:56" level=info msg="[INFO] < - SERVER START - > "
time="2020-08-14 22:53:56" level=info msg="[INFO] < - ROUTER START - > "
time="2020-08-14 22:54:54" level=info msg="[INFO] < - SERVER INIT - > "
time="2020-08-14 22:54:54" level=info msg="[SUCC][MODE] > release"
time="2020-08-14 22:54:54" level=info msg="[INFO] < - MyDB INIT - >"
time="2020-08-14 22:54:58" level=info msg="[SUCC][DB Host] > 34.92.36.107"
time="2020-08-14 22:54:58" level=info msg="[INFO] < - SERVER START - > "
time="2020-08-14 22:54:58" level=info msg="[INFO] < - ROUTER START - > "
time="2020-08-14 22:56:34" level=info msg="[INFO] < - SERVER INIT - > "
time="2020-08-14 22:56:34" level=info msg="[SUCC][MODE] > release"
time="2020-08-14 22:56:34" level=info msg="[INFO] < - MyDB INIT - >"
time="2020-08-14 22:56:37" level=info msg="[SUCC][DB Host] > 34.92.36.107"
time="2020-08-14 22:56:37" level=info msg="[INFO] < - SERVER START - > "
time="2020-08-14 22:56:37" level=info msg="[INFO] < - ROUTER START - > "
time="2020-08-14 22:57:44" level=info msg="[INFO] < - SERVER INIT - > "
time="2020-08-14 22:57:44" level=info msg="[SUCC][MODE] > release"
time="2020-08-14 22:57:44" level=info msg="[INFO] < - MyDB INIT - >"
time="2020-08-14 22:57:48" level=info msg="[SUCC][DB Host] > 34.92.36.107"
time="2020-08-14 22:57:48" level=info msg="[INFO] < - SERVER START - > "
time="2020-08-14 22:57:48" level=info msg="[INFO] < - ROUTER START - > "
time="2020-08-14 22:58:37" level=info msg="[INFO] < - SERVER INIT - > "
time="2020-08-14 22:58:37" level=info msg="[SUCC][MODE] > release"
time="2020-08-14 22:58:37" level=info msg="[INFO] < - MyDB INIT - >"
time="2020-08-14 22:58:41" level=info msg="[SUCC][DB Host] > 34.92.36.107"
time="2020-08-14 22:58:41" level=info msg="[INFO] < - SERVER START - > "
time="2020-08-14 22:58:41" level=info msg="[INFO] < - ROUTER START - > "
time="2020-08-14 23:00:47" level=info msg="[INFO] < - SERVER INIT - > "
time="2020-08-14 23:00:47" level=info msg="[SUCC][MODE] > release"
time="2020-08-14 23:00:47" level=info msg="[INFO] < - MyDB INIT - >"
time="2020-08-14 23:00:51" level=info msg="[SUCC][DB Host] > 34.92.36.107"
time="2020-08-14 23:00:51" level=info msg="[INFO] < - SERVER START - > "
time="2020-08-14 23:00:51" level=info msg="[INFO] < - ROUTER START - > "
time="2020-08-14 23:00:59" level=info msg="[INFO] < - SERVER INIT - > "
time="2020-08-14 23:00:59" level=info msg="[SUCC][MODE] > release"
time="2020-08-14 23:00:59" level=info msg="[INFO] < - MyDB INIT - >"
time="2020-08-14 23:01:02" level=info msg="[SUCC][DB Host] > 34.92.36.107"
time="2020-08-14 23:01:02" level=info msg="[INFO] < - SERVER START - > "
time="2020-08-14 23:01:02" level=info msg="[INFO] < - ROUTER START - > "
time="2020-08-14 23:01:35" level=info msg="[INFO] < - SERVER INIT - > "
time="2020-08-14 23:01:35" level=info msg="[SUCC][MODE] > release"
time="2020-08-14 23:01:35" level=info msg="[INFO] < - MyDB INIT - >"
time="2020-08-14 23:01:38" level=info msg="[SUCC][DB Host] > 34.92.36.107"
time="2020-08-14 23:01:38" level=info msg="[INFO] < - SERVER START - > "
time="2020-08-14 23:01:38" level=info msg="[INFO] < - ROUTER START - > "
