time="2020-07-20 18:45:49" level=info msg="记录一下日志Info" name=hanyun
time="2020-07-20 18:45:49" level=info msg="| 200 |      133.54µs |       127.0.0.1 | GET | / |"
time="2020-07-20 18:45:49" level=info msg="| 404 |      39.788µs |       127.0.0.1 | GET | /favicon.ico |"
time="2020-07-20 18:48:34" level=info msg="记录一下日志Info" name=hanyun
time="2020-07-20 18:48:34" level=error msg="记录一下日志Error" name=hanyun
time="2020-07-20 18:48:34" level=warning msg="记录一下日志Warn" name=hanyun
time="2020-07-20 18:48:34" level=debug msg="记录一下日志Debug" name=hanyun
time="2020-07-20 18:48:34" level=info msg="| 200 |     487.757µs |       127.0.0.1 | GET | / |"
time="2020-07-20 18:58:46" level=info msg="記錄一下日志Info" name=Info
time="2020-07-20 18:58:46" level=error msg="記錄一下日志Error" name=Error
time="2020-07-20 18:58:46" level=warning msg="記錄一下日志Warn" name=Warn
time="2020-07-20 18:58:46" level=debug msg="記錄一下日志Debug" name=Debug
time="2020-07-20 18:58:48" level=info msg="記錄一下日志Info" name=Info
time="2020-07-20 18:58:48" level=error msg="記錄一下日志Error" name=Error
time="2020-07-20 18:58:48" level=warning msg="記錄一下日志Warn" name=Warn
time="2020-07-20 18:58:48" level=debug msg="記錄一下日志Debug" name=Debug
time="2020-07-20 18:58:48" level=info msg="記錄一下日志Info" name=Info
time="2020-07-20 18:58:48" level=error msg="記錄一下日志Error" name=Error
time="2020-07-20 18:58:48" level=warning msg="記錄一下日志Warn" name=Warn
time="2020-07-20 18:58:48" level=debug msg="記錄一下日志Debug" name=Debug
