time="2020-08-11 11:07:23" level=info msg="[INFO] < - SERVER INIT - > "
time="2020-08-11 11:07:23" level=info msg="[SUCC][MODE] > debug"
time="2020-08-11 11:07:23" level=info msg="[INFO] < - MyDB INIT - >"
time="2020-08-11 11:07:25" level=info msg="[SUCC][DB Host] > 34.92.36.107"
time="2020-08-11 11:07:25" level=info msg="[INFO] < - SERVER START - > "
time="2020-08-11 11:08:42" level=info msg="[INFO] < - SERVER INIT - > "
time="2020-08-11 11:08:42" level=info msg="[SUCC][MODE] > debug"
time="2020-08-11 11:08:42" level=info msg="[INFO] < - MyDB INIT - >"
time="2020-08-11 11:08:44" level=info msg="[SUCC][DB Host] > 34.92.36.107"
time="2020-08-11 11:08:44" level=info msg="[INFO] < - SERVER START - > "
time="2020-08-11 11:09:32" level=info msg="[INFO] < - SERVER INIT - > "
time="2020-08-11 11:09:32" level=info msg="[SUCC][MODE] > debug"
time="2020-08-11 11:09:32" level=info msg="[INFO] < - MyDB INIT - >"
time="2020-08-11 11:09:34" level=info msg="[SUCC][DB Host] > 34.92.36.107"
time="2020-08-11 11:09:34" level=info msg="[INFO] < - SERVER START - > "
time="2020-08-11 15:07:57" level=info msg="[INFO] < - SERVER INIT - > "
time="2020-08-11 15:07:57" level=info msg="[SUCC][MODE] > debug"
time="2020-08-11 15:07:57" level=info msg="[INFO] < - MyDB INIT - >"
time="2020-08-11 16:15:35" level=info msg="[INFO] < - SERVER INIT - > "
time="2020-08-11 16:15:35" level=info msg="[SUCC][MODE] > debug"
time="2020-08-11 16:15:35" level=info msg="[INFO] < - MyDB INIT - >"
time="2020-08-11 16:15:38" level=info msg="[SUCC][DB Host] > 34.92.36.107"
time="2020-08-11 16:15:39" level=info msg="[INFO] < - SERVER START - > "
time="2020-08-11 16:18:20" level=info msg="[INFO] < - SERVER INIT - > "
time="2020-08-11 16:18:20" level=info msg="[SUCC][MODE] > debug"
time="2020-08-11 16:18:20" level=info msg="[INFO] < - MyDB INIT - >"
time="2020-08-11 16:18:24" level=info msg="[SUCC][DB Host] > 34.92.36.107"
time="2020-08-11 16:18:24" level=error msg="[ERRO] < - TEST  - > "
time="2020-08-11 16:18:24" level=info msg="[INFO] < - SERVER START - > "
time="2020-08-11 16:23:00" level=info msg="[INFO] < - SERVER INIT - > "
time="2020-08-11 16:23:00" level=info msg="[SUCC][MODE] > debug"
time="2020-08-11 16:23:00" level=info msg="[INFO] < - MyDB INIT - >"
time="2020-08-11 16:23:03" level=info msg="[SUCC][DB Host] > 34.92.36.107"
time="2020-08-11 16:23:03" level=error msg="[ERRO] < - TEST  - > "
time="2020-08-11 16:23:04" level=info msg="[INFO] < - SERVER START - > "
time="2020-08-11 16:25:17" level=info msg="[INFO] < - SERVER INIT - > "
time="2020-08-11 16:25:17" level=info msg="[SUCC][MODE] > debug"
time="2020-08-11 16:25:17" level=info msg="[INFO] < - MyDB INIT - >"
time="2020-08-11 16:25:20" level=info msg="[SUCC][DB Host] > 34.92.36.107"
time="2020-08-11 16:25:20" level=error msg="[ERRO] < - TEST  - > "
time="2020-08-11 16:25:21" level=info msg="[INFO] < - SERVER START - > "
time="2020-08-11 16:27:19" level=info msg="[INFO] < - SERVER INIT - > "
time="2020-08-11 16:27:19" level=info msg="[SUCC][MODE] > debug"
time="2020-08-11 16:27:19" level=info msg="[INFO] < - MyDB INIT - >"
time="2020-08-11 16:27:23" level=info msg="[SUCC][DB Host] > 34.92.36.107"
time="2020-08-11 16:27:23" level=error msg="[ERRO] < - TEST  - > "
time="2020-08-11 16:27:24" level=info msg="[INFO] < - SERVER START - > "
time="2020-08-11 16:29:40" level=info msg="[INFO] < - SERVER INIT - > "
time="2020-08-11 16:29:40" level=info msg="[SUCC][MODE] > debug"
time="2020-08-11 16:29:40" level=info msg="[INFO] < - MyDB INIT - >"
time="2020-08-11 16:29:43" level=info msg="[SUCC][DB Host] > 34.92.36.107"
time="2020-08-11 16:29:43" level=error msg="[ERRO] < - TEST  - > "
time="2020-08-11 16:29:44" level=info msg="[INFO] < - SERVER START - > "
